# JRE version: OpenJDK Runtime Environment (11.0.10) (build 11.0.10+0-b96-7249189)
# Java VM: OpenJDK 64-Bit Server VM (11.0.10+0-b96-7249189, mixed mode, tiered, compressed oops, g1 gc, windows-amd64)
Heap:
 garbage-first heap   total 345088K, used 128827K [0x0000000080000000, 0x0000000100000000)
  region size 1024K, 3 young (3072K), 3 survivors (3072K)
 Metaspace       used 109687K, capacity 112464K, committed 112636K, reserved 1146880K
  class space    used 13803K, capacity 14882K, committed 14976K, reserved 1048576K
GC Heap History (20 events):
Event: 157.570 GC heap after
{Heap after GC invocations=110 (full 0):
 garbage-first heap   total 210944K, used 126385K [0x0000000080000000, 0x0000000100000000)
  region size 1024K, 1 young (1024K), 1 survivors (1024K)
 Metaspace       used 104927K, capacity 107595K, committed 107644K, reserved 1142784K
  class space    used 13291K, capacity 14312K, committed 14336K, reserved 1048576K
}
Event: 159.480 GC heap before
{Heap before GC invocations=110 (full 0):
 garbage-first heap   total 210944K, used 160177K [0x0000000080000000, 0x0000000100000000)
  region size 1024K, 34 young (34816K), 1 survivors (1024K)
 Metaspace       used 106967K, capacity 109705K, committed 110076K, reserved 1144832K
  class space    used 13548K, capacity 14593K, committed 14720K, reserved 1048576K
}
Event: 159.540 GC heap after
{Heap after GC invocations=111 (full 0):
 garbage-first heap   total 210944K, used 126418K [0x0000000080000000, 0x0000000100000000)
  region size 1024K, 1 young (1024K), 1 survivors (1024K)
 Metaspace       used 106967K, capacity 109705K, committed 110076K, reserved 1144832K
  class space    used 13548K, capacity 14593K, committed 14720K, reserved 1048576K
}
Event: 160.427 GC heap before
{Heap before GC invocations=111 (full 0):
 garbage-first heap   total 210944K, used 163282K [0x0000000080000000, 0x0000000100000000)
  region size 1024K, 38 young (38912K), 1 survivors (1024K)
 Metaspace       used 107590K, capacity 110330K, committed 110588K, reserved 1144832K
  class space    used 13598K, capacity 14629K, committed 14720K, reserved 1048576K
}
Event: 160.433 GC heap after
{Heap after GC invocations=112 (full 0):
 garbage-first heap   total 210944K, used 126573K [0x0000000080000000, 0x0000000100000000)
  region size 1024K, 1 young (1024K), 1 survivors (1024K)
 Metaspace       used 107590K, capacity 110330K, committed 110588K, reserved 1144832K
  class space    used 13598K, capacity 14629K, committed 14720K, reserved 1048576K
}
Event: 160.978 GC heap before
{Heap before GC invocations=112 (full 0):
 garbage-first heap   total 210944K, used 166509K [0x0000000080000000, 0x0000000100000000)
  region size 1024K, 40 young (40960K), 1 survivors (1024K)
 Metaspace       used 108069K, capacity 110792K, committed 110844K, reserved 1144832K
  class space    used 13635K, capacity 14669K, committed 14720K, reserved 1048576K
}
Event: 160.988 GC heap after
{Heap after GC invocations=113 (full 0):
 garbage-first heap   total 210944K, used 127627K [0x0000000080000000, 0x0000000100000000)
  region size 1024K, 2 young (2048K), 2 survivors (2048K)
 Metaspace       used 108069K, capacity 110792K, committed 110844K, reserved 1144832K
  class space    used 13635K, capacity 14669K, committed 14720K, reserved 1048576K
}
Event: 161.420 GC heap before
{Heap before GC invocations=113 (full 0):
 garbage-first heap   total 210944K, used 168587K [0x0000000080000000, 0x0000000100000000)
  region size 1024K, 42 young (43008K), 2 survivors (2048K)
 Metaspace       used 108209K, capacity 110938K, committed 111100K, reserved 1146880K
  class space    used 13638K, capacity 14673K, committed 14720K, reserved 1048576K
}
Event: 161.437 GC heap after
{Heap after GC invocations=114 (full 0):
 garbage-first heap   total 210944K, used 127240K [0x0000000080000000, 0x0000000100000000)
  region size 1024K, 2 young (2048K), 2 survivors (2048K)
 Metaspace       used 108209K, capacity 110938K, committed 111100K, reserved 1146880K
  class space    used 13638K, capacity 14673K, committed 14720K, reserved 1048576K
}
Event: 162.078 GC heap before
{Heap before GC invocations=114 (full 0):
 garbage-first heap   total 210944K, used 170248K [0x0000000080000000, 0x0000000100000000)
  region size 1024K, 44 young (45056K), 2 survivors (2048K)
 Metaspace       used 108332K, capacity 111090K, committed 111228K, reserved 1146880K
  class space    used 13661K, capacity 14722K, committed 14848K, reserved 1048576K
}
Event: 162.100 GC heap after
{Heap after GC invocations=115 (full 0):
 garbage-first heap   total 210944K, used 127321K [0x0000000080000000, 0x0000000100000000)
  region size 1024K, 2 young (2048K), 2 survivors (2048K)
 Metaspace       used 108332K, capacity 111090K, committed 111228K, reserved 1146880K
  class space    used 13661K, capacity 14722K, committed 14848K, reserved 1048576K
}
Event: 164.796 GC heap before
{Heap before GC invocations=115 (full 0):
 garbage-first heap   total 210944K, used 172377K [0x0000000080000000, 0x0000000100000000)
  region size 1024K, 46 young (47104K), 2 survivors (2048K)
 Metaspace       used 108333K, capacity 111032K, committed 111484K, reserved 1146880K
  class space    used 13633K, capacity 14648K, committed 14848K, reserved 1048576K
}
Event: 164.849 GC heap after
{Heap after GC invocations=116 (full 0):
 garbage-first heap   total 253952K, used 127454K [0x0000000080000000, 0x0000000100000000)
  region size 1024K, 2 young (2048K), 2 survivors (2048K)
 Metaspace       used 108333K, capacity 111032K, committed 111484K, reserved 1146880K
  class space    used 13633K, capacity 14648K, committed 14848K, reserved 1048576K
}
Event: 166.914 GC heap before
{Heap before GC invocations=117 (full 0):
 garbage-first heap   total 253952K, used 190942K [0x0000000080000000, 0x0000000100000000)
  region size 1024K, 65 young (66560K), 2 survivors (2048K)
 Metaspace       used 108813K, capacity 111503K, committed 111740K, reserved 1146880K
  class space    used 13691K, capacity 14719K, committed 14848K, reserved 1048576K
}
Event: 166.969 GC heap after
{Heap after GC invocations=118 (full 0):
 garbage-first heap   total 253952K, used 128326K [0x0000000080000000, 0x0000000100000000)
  region size 1024K, 3 young (3072K), 3 survivors (3072K)
 Metaspace       used 108813K, capacity 111503K, committed 111740K, reserved 1146880K
  class space    used 13691K, capacity 14719K, committed 14848K, reserved 1048576K
}
Event: 168.008 GC heap before
{Heap before GC invocations=118 (full 0):
 garbage-first heap   total 253952K, used 193862K [0x0000000080000000, 0x0000000100000000)
  region size 1024K, 68 young (69632K), 3 survivors (3072K)
 Metaspace       used 109126K, capacity 111872K, committed 111996K, reserved 1146880K
  class space    used 13729K, capacity 14775K, committed 14848K, reserved 1048576K
}
Event: 168.049 GC heap after
{Heap after GC invocations=119 (full 0):
 garbage-first heap   total 253952K, used 128686K [0x0000000080000000, 0x0000000100000000)
  region size 1024K, 3 young (3072K), 3 survivors (3072K)
 Metaspace       used 109126K, capacity 111872K, committed 111996K, reserved 1146880K
  class space    used 13729K, capacity 14775K, committed 14848K, reserved 1048576K
}
Event: 170.012 GC heap before
{Heap before GC invocations=119 (full 0):
 garbage-first heap   total 253952K, used 206510K [0x0000000080000000, 0x0000000100000000)
  region size 1024K, 79 young (80896K), 3 survivors (3072K)
 Metaspace       used 109639K, capacity 112434K, committed 112636K, reserved 1146880K
  class space    used 13798K, capacity 14873K, committed 14976K, reserved 1048576K
}
Event: 170.104 GC heap after
{Heap after GC invocations=120 (full 0):
 garbage-first heap   total 253952K, used 128689K [0x0000000080000000, 0x0000000100000000)
  region size 1024K, 3 young (3072K), 3 survivors (3072K)
 Metaspace       used 109639K, capacity 112434K, committed 112636K, reserved 1146880K
  class space    used 13798K, capacity 14873K, committed 14976K, reserved 1048576K
}
Event: 171.496 GC heap before
{Heap before GC invocations=120 (full 0):
 garbage-first heap   total 253952K, used 206513K [0x0000000080000000, 0x0000000100000000)
  region size 1024K, 79 young (80896K), 3 survivors (3072K)
 Metaspace       used 109687K, capacity 112464K, committed 112636K, reserved 1146880K
  class space    used 13803K, capacity 14882K, committed 14976K, reserved 1048576K
}

